<?xml version="1.0" encoding="UTF-8"?>
<testng-results skipped="0" failed="0" total="1" passed="1">
  <reporter-output>
  </reporter-output>
  <suite name="Default suite" duration-ms="16243" started-at="2021-10-12T10:22:26Z" finished-at="2021-10-12T10:22:42Z">
    <groups>
    </groups>
    <test name="Default test" duration-ms="16243" started-at="2021-10-12T10:22:26Z" finished-at="2021-10-12T10:22:42Z">
      <class name="example2.NewTest">
        <test-method status="PASS" signature="beforeTest()[pri:0, instance:example2.NewTest@4678c730]" name="beforeTest" is-config="true" duration-ms="3755" started-at="2021-10-12T15:52:26Z" finished-at="2021-10-12T15:52:30Z">
          <reporter-output>
          </reporter-output>
        </test-method> <!-- beforeTest -->
        <test-method status="PASS" signature="testEasy()[pri:0, instance:example2.NewTest@4678c730]" name="testEasy" duration-ms="11270" started-at="2021-10-12T15:52:30Z" finished-at="2021-10-12T15:52:41Z">
          <reporter-output>
          </reporter-output>
        </test-method> <!-- testEasy -->
        <test-method status="PASS" signature="afterTest()[pri:0, instance:example2.NewTest@4678c730]" name="afterTest" is-config="true" duration-ms="1206" started-at="2021-10-12T15:52:41Z" finished-at="2021-10-12T15:52:42Z">
          <reporter-output>
          </reporter-output>
        </test-method> <!-- afterTest -->
      </class> <!-- example2.NewTest -->
    </test> <!-- Default test -->
  </suite> <!-- Default suite -->
</testng-results>
