<?xml version="1.0" encoding="UTF-8"?>
<!-- Generated by org.testng.reporters.JUnitXMLReporter -->
<testsuite hostname="LAPTOP-7E6OCLEQ" name="Test" tests="1" failures="1" timestamp="12 Oct 2021 10:12:58 GMT" time="18.253" errors="0">
  <testcase name="testEasy" time="2.274" classname="example2.NewTest">
    <failure type="java.lang.AssertionError" message="expected [true] but found [false]">
      <![CDATA[java.lang.AssertionError: expected [true] but found [false]
	at example2.NewTest.testEasy(NewTest.java:16)
... Removed 28 stack frames]]>
    </failure>
  </testcase> <!-- testEasy -->
</testsuite> <!-- Test -->
